<?xml version="1.0" encoding="UTF-8"?>
<!-- Generated by org.testng.reporters.JUnitReportReporter -->
<testsuite hostname="DESKTOP-T10L0CP" failures="0" tests="1" name="cucumberOptions.TestRunner" time="0.007" errors="0" timestamp="2022-08-17T06:51:28 AEST" skipped="0">
  <testcase classname="cucumberOptions.TestRunner" name="feature" time="0.007"/>
  <system-out/>
</testsuite> <!-- cucumberOptions.TestRunner -->
